<?xml version="1.0" encoding="UTF-8" ?>
<testsuite failures="0" time="0.576" errors="0" skipped="0" tests="8" name="net.java.javamoney.ri.core.MoneyTest">
  <properties>
[...]
</properties>
  <testcase time="0.001" classname="net.java.javamoney.ri.core.MoneyTest" name="testSubtractMonetaryAmount"/>
  <testcase time="0" classname="net.java.javamoney.ri.core.MoneyTest" name="testAddNumber"/>
  <testcase time="0" classname="net.java.javamoney.ri.core.MoneyTest" name="testGetCurrency"/>
  <testcase time="0.567" classname="net.java.javamoney.ri.core.MoneyTest" name="comparePerformance"/>
  <testcase time="0" classname="net.java.javamoney.ri.core.MoneyTest" name="testGetInstanceCurrencyBigDecimal"/>
  <testcase time="0.001" classname="net.java.javamoney.ri.core.MoneyTest" name="testGetInstanceCurrencyDouble"/>
  <testcase time="0.003" classname="net.java.javamoney.ri.core.MoneyTest" name="testDivideAndRemainder_BigDecimal"/>
  <testcase time="0" classname="net.java.javamoney.ri.core.MoneyTest" name="testDivideToIntegralValue_BigDecimal"/>
</testsuite>