<?xml version="1.0" encoding="UTF-8" ?>
<testsuite failures="0" time="0.033" errors="0" skipped="0" tests="22" name="net.java.javamoney.ri.core.MoneyCurrency_BuilderTest">
  <properties>
[...]
</properties>
  <testcase time="0.001" classname="net.java.javamoney.ri.core.MoneyCurrency_BuilderTest" name="testBuilder"/>
  <testcase time="0.017" classname="net.java.javamoney.ri.core.MoneyCurrency_BuilderTest" name="testBuild"/>
  <testcase time="0" classname="net.java.javamoney.ri.core.MoneyCurrency_BuilderTest" name="testGetAttributeKeys"/>
  <testcase time="0" classname="net.java.javamoney.ri.core.MoneyCurrency_BuilderTest" name="testGetAttributeType"/>
  <testcase time="0" classname="net.java.javamoney.ri.core.MoneyCurrency_BuilderTest" name="testBuilderString"/>
  <testcase time="0.001" classname="net.java.javamoney.ri.core.MoneyCurrency_BuilderTest" name="testBuilderString_BadCase"/>
  <testcase time="0" classname="net.java.javamoney.ri.core.MoneyCurrency_BuilderTest" name="testBuilderStringString"/>
  <testcase time="0" classname="net.java.javamoney.ri.core.MoneyCurrency_BuilderTest" name="testGetSetNamespace"/>
  <testcase time="0.001" classname="net.java.javamoney.ri.core.MoneyCurrency_BuilderTest" name="testGetSetCurrencyCode"/>
  <testcase time="0" classname="net.java.javamoney.ri.core.MoneyCurrency_BuilderTest" name="testGetSetNumericCode"/>
  <testcase time="0" classname="net.java.javamoney.ri.core.MoneyCurrency_BuilderTest" name="testGetSetValidFrom"/>
  <testcase time="0.001" classname="net.java.javamoney.ri.core.MoneyCurrency_BuilderTest" name="testSetValidUntil"/>
  <testcase time="0" classname="net.java.javamoney.ri.core.MoneyCurrency_BuilderTest" name="testGetSetLegalTender"/>
  <testcase time="0" classname="net.java.javamoney.ri.core.MoneyCurrency_BuilderTest" name="testGetSetVirtual"/>
  <testcase time="0" classname="net.java.javamoney.ri.core.MoneyCurrency_BuilderTest" name="testGetSetAttribute"/>
  <testcase time="0.001" classname="net.java.javamoney.ri.core.MoneyCurrency_BuilderTest" name="testRemoveAttribute"/>
  <testcase time="0" classname="net.java.javamoney.ri.core.MoneyCurrency_BuilderTest" name="testGetSetValidUntil"/>
  <testcase time="0" classname="net.java.javamoney.ri.core.MoneyCurrency_BuilderTest" name="testIsBuildable"/>
  <testcase time="0" classname="net.java.javamoney.ri.core.MoneyCurrency_BuilderTest" name="testBuildBoolean"/>
  <testcase time="0" classname="net.java.javamoney.ri.core.MoneyCurrency_BuilderTest" name="testGetSetDefaultFractionDigits"/>
  <testcase time="0" classname="net.java.javamoney.ri.core.MoneyCurrency_BuilderTest" name="testGetSetDefaultFractionDigits_InvalidInput"/>
  <testcase time="0" classname="net.java.javamoney.ri.core.MoneyCurrency_BuilderTest" name="testGetSetNumericCode_InvalidInput"/>
</testsuite>